INFO:__main__:Finished Time:26.Apr 2024 11:08:41
INFO:__main__:Started Time:26.Apr 2024 11:12:07
INFO:__main__:Finished Time:26.Apr 2024 11:12:12
INFO:__main__:Started Time:26.Apr 2024 11:13:24
INFO:__main__:Finished Time:26.Apr 2024 11:13:30
INFO:__main__:Started Time:26.Apr 2024 11:14:04
INFO:__main__:Finished Time:26.Apr 2024 11:14:13
INFO:__main__:Started Time:26.Apr 2024 13:00:32
INFO:__main__:Started Time:26.Apr 2024 13:01:30
INFO:__main__:Finished Time:26.Apr 2024 13:01:40
INFO:__main__:Started Time:26.Apr 2024 13:05:37
INFO:__main__:Finished Time:26.Apr 2024 13:05:44
INFO:__main__:Started Time:26.Apr 2024 13:12:46
INFO:__main__:Sending request: Some text Time:26.Apr 2024 13:13:16
INFO:__main__:Request solved. Responce: Example text Time:26.Apr 2024 13:13:16
INFO:__main__:Finished Time:26.Apr 2024 13:13:22
INFO:__main__:Started Time:26.Apr 2024 13:14:06
INFO:__main__:Finished Time:26.Apr 2024 13:14:23
INFO:__main__:Started Time:26.Apr 2024 13:20:10
INFO:__main__:Sending request: Some text again Time:26.Apr 2024 13:20:29
INFO:__main__:Request solved. Responce: Example text Time:26.Apr 2024 13:20:29
INFO:__main__:Finished Time:26.Apr 2024 13:21:04
INFO:__main__:Started Time:26.Apr 2024 13:22:00
INFO:__main__:Sending request: Some text Time:26.Apr 2024 13:22:07
INFO:__main__:Request solved. Responce: Example text Time:26.Apr 2024 13:22:07
INFO:__main__:Finished Time:26.Apr 2024 13:22:13
INFO:__main__:Started Time:26.Apr 2024 13:22:43
INFO:__main__:Sending request: Some text Time:26.Apr 2024 13:22:50
INFO:__main__:Request solved. Responce: Example text Time:26.Apr 2024 13:22:50
INFO:__main__:Finished Time:26.Apr 2024 13:23:01
INFO:__main__:Started Time:26.Apr 2024 13:24:39
INFO:__main__:Sending request: Some text Time:26.Apr 2024 13:24:47
INFO:__main__:Request solved. Responce: Example text Time:26.Apr 2024 13:24:47
INFO:__main__:Finished Time:26.Apr 2024 13:24:57
INFO:__main__:Started Time:26.Apr 2024 13:27:26
INFO:__main__:Sending request: Give me all information you can tell about RealEstate Time:26.Apr 2024 13:28:07
WARNING:root:Some parameters are on the meta device device because they were offloaded to the cpu and disk.
INFO:__main__:Started Time:26.Apr 2024 13:43:36
INFO:__main__:Sending request: Tell me about real estate Time:26.Apr 2024 13:43:51
INFO:__main__:Started Time:26.Apr 2024 13:44:25
INFO:__main__:Sending request: Tell me about real estate Time:26.Apr 2024 13:44:42
INFO:__main__:Started Time:26.Apr 2024 14:18:52
INFO:__main__:Started Time:26.Apr 2024 14:19:24
INFO:__main__:Finished Time:26.Apr 2024 14:20:50
INFO:__main__:Started Time:26.Apr 2024 14:34:44
INFO:__main__:Finished Time:26.Apr 2024 14:58:16
INFO:__main__:Started Time:26.Apr 2024 15:35:24
INFO:__main__:Sending request: Tell me about real estate?
 Time:26.Apr 2024 15:36:21
WARNING:huggingface_hub.file_download:Error while downloading from https://cdn-lfs-us-1.huggingface.co/repos/a2/11/a21117b96bc3acf4ed1d24daf1d9993469eec35f25b208626fbd0c4e9a837a76/4fb1afcabc3af107f8375e6d2772fca04f6c690f78d14cacef2e56ae182a6e50?response-content-disposition=attachment%3B+filename*%3DUTF-8%27%27model.safetensors%3B+filename%3D%22model.safetensors%22%3B&Expires=1714394223&Policy=eyJTdGF0ZW1lbnQiOlt7IkNvbmRpdGlvbiI6eyJEYXRlTGVzc1RoYW4iOnsiQVdTOkVwb2NoVGltZSI6MTcxNDM5NDIyM319LCJSZXNvdXJjZSI6Imh0dHBzOi8vY2RuLWxmcy11cy0xLmh1Z2dpbmdmYWNlLmNvL3JlcG9zL2EyLzExL2EyMTExN2I5NmJjM2FjZjRlZDFkMjRkYWYxZDk5OTM0NjllZWMzNWYyNWIyMDg2MjZmYmQwYzRlOWE4MzdhNzYvNGZiMWFmY2FiYzNhZjEwN2Y4Mzc1ZTZkMjc3MmZjYTA0ZjZjNjkwZjc4ZDE0Y2FjZWYyZTU2YWUxODJhNmU1MD9yZXNwb25zZS1jb250ZW50LWRpc3Bvc2l0aW9uPSoifV19&Signature=CSk6bqu0hutHIy-BSU3-1tnQerWMSB5X11CgbLmpomPaYAcMxJx4Y6iI5BxafyFoqL2RbjegUhME%7Ej558IzXgvWoT6TlijwqioFVbHXyPb86Q3O17AATXI-lKJfROyONUnxVoYT8-chciJTZSfnf1%7E0uXj81nE5rvJyGv1C-Rz5aw8drwVmz2Dq-rXwzXUxqUMmrLFTIS5d2Y9Js-KGzUcEQMv6zKkbX2FVvakUzx4U-Lo%7Esr9MvWYbrJXJZzNQiuOhgJB67MppreluLzDDz3cQpAzIFQbZGuipE3wLBqC7LUpge1-I5osA6TrW7S14g0WhzgTOvG50c-I7NjRsfPA__&Key-Pair-Id=KCD77M1F0VK2B: HTTPSConnectionPool(host='cdn-lfs-us-1.huggingface.co', port=443): Read timed out.
Trying to resume download...
WARNING:huggingface_hub.file_download:Error while downloading from https://cdn-lfs-us-1.huggingface.co/repos/a2/11/a21117b96bc3acf4ed1d24daf1d9993469eec35f25b208626fbd0c4e9a837a76/4fb1afcabc3af107f8375e6d2772fca04f6c690f78d14cacef2e56ae182a6e50?response-content-disposition=attachment%3B+filename*%3DUTF-8%27%27model.safetensors%3B+filename%3D%22model.safetensors%22%3B&Expires=1714394223&Policy=eyJTdGF0ZW1lbnQiOlt7IkNvbmRpdGlvbiI6eyJEYXRlTGVzc1RoYW4iOnsiQVdTOkVwb2NoVGltZSI6MTcxNDM5NDIyM319LCJSZXNvdXJjZSI6Imh0dHBzOi8vY2RuLWxmcy11cy0xLmh1Z2dpbmdmYWNlLmNvL3JlcG9zL2EyLzExL2EyMTExN2I5NmJjM2FjZjRlZDFkMjRkYWYxZDk5OTM0NjllZWMzNWYyNWIyMDg2MjZmYmQwYzRlOWE4MzdhNzYvNGZiMWFmY2FiYzNhZjEwN2Y4Mzc1ZTZkMjc3MmZjYTA0ZjZjNjkwZjc4ZDE0Y2FjZWYyZTU2YWUxODJhNmU1MD9yZXNwb25zZS1jb250ZW50LWRpc3Bvc2l0aW9uPSoifV19&Signature=CSk6bqu0hutHIy-BSU3-1tnQerWMSB5X11CgbLmpomPaYAcMxJx4Y6iI5BxafyFoqL2RbjegUhME%7Ej558IzXgvWoT6TlijwqioFVbHXyPb86Q3O17AATXI-lKJfROyONUnxVoYT8-chciJTZSfnf1%7E0uXj81nE5rvJyGv1C-Rz5aw8drwVmz2Dq-rXwzXUxqUMmrLFTIS5d2Y9Js-KGzUcEQMv6zKkbX2FVvakUzx4U-Lo%7Esr9MvWYbrJXJZzNQiuOhgJB67MppreluLzDDz3cQpAzIFQbZGuipE3wLBqC7LUpge1-I5osA6TrW7S14g0WhzgTOvG50c-I7NjRsfPA__&Key-Pair-Id=KCD77M1F0VK2B: HTTPSConnectionPool(host='cdn-lfs-us-1.huggingface.co', port=443): Read timed out.
Trying to resume download...
INFO:__main__:Started Time:26.Apr 2024 15:48:08
INFO:__main__:Sending request: Tell me about real estate Time:26.Apr 2024 15:48:51
INFO:__main__:Started Time:26.Apr 2024 15:52:09
INFO:__main__:Sending request: Real estate Time:26.Apr 2024 15:52:25
INFO:__main__:Started Time:26.Apr 2024 15:55:43
INFO:__main__:Sending request: Real estate Time:26.Apr 2024 15:55:59
INFO:__main__:Started Time:26.Apr 2024 16:09:57
INFO:__main__:Sending request: Real estate Time:26.Apr 2024 16:10:13
INFO:__main__:Started Time:26.Apr 2024 16:11:03
INFO:__main__:Sending request: Real estate Time:26.Apr 2024 16:11:39
INFO:__main__:Started Time:30.Apr 2024 19:01:59
INFO:__main__:Sending request: Some shit to ask Time:30.Apr 2024 19:02:14
INFO:__main__:Request solved. Responce: <|im_start|>system
"You are a helpful Real Estate assistant. You do not respond as 'User' or pretend to be 'User'. You only respond once as 'Real Estate Assistant'. Be helpful and provide all information you can about real estate"<|im_end|>
<|im_start|>user
Some shit to ask<|im_end|>
<|im_start|>assistant
I apologize for the confusion. I apologize for the confusion. Let's start from the beginning, shall we? The first question is the "user" question, which is a very general question. The user is asking if there is a way to buy a house, or if there are any real estate transactions to be done. The question is asking for the user's name, email address, and phone number, and the question is asking for the username.

The user has 1000000000000000000000000000000000000000000000000000000000000000000000000000000000000000000000000000000000000000000000000000000000000000000000000000000000000000000000000000000000000000000000000000000000000000000000000000000000000000000000000000000000000000000000

Following this, the user's name is 10000000000000000000000000000000000000000000000000000000000000000000000000000000000000000000000000000000010000000

The user is still in a small amount of money, but she is making more money than she was in the first year. The number of times she has made more than $1,00000000

In the end, the first year, 10000000000000000000000000000000000000000000000000000000000000000000000000000000000000000000000000000000000000000000000000000000000000000000000000000000000000000000000000 000000000000000000000000000000000000000000000000000000 0000000000000000000000000000000000000000000000000000000010000000002000020000200300010001000201000
0200000202018
00000
0000 “0000
0000, 000000000000000000000000000000000000000000000000000000
000000
00000
00000
000000 The amount of the 2016-00000000000000000000000000 Time:30.Apr 2024 19:03:53
INFO:__main__:Finished Time:30.Apr 2024 19:04:38
INFO:__main__:Started Time:30.Apr 2024 19:04:56
INFO:__main__:Sending request: What is real estate? Time:30.Apr 2024 19:05:18
WARNING:root:Some parameters are on the meta device device because they were offloaded to the disk and cpu.
INFO:__main__:Request solved. Responce: <|im_start|>system
"You are a helpful Real Estate assistant. You do not respond as 'User' or pretend to be 'User'. You only respond once as 'Real Estate Assistant'. Be helpful and provide all information you can about real estate"<|im_end|>
<|im_start|>user
What is real estate?<|im_end|>
<|im_start|>assistant
Real estate is a business model where real estate agents and developers work together to market and sell properties to buyers, sellers, and investors. The focus of the real estate business is to find homes for investors, build houses, and sell them to investors, as well as to sell properties in real estate markets. Real estate agents work with real estate brokers and developers to get properties for investors, sell them to investors, and then sell them to buyers, sellers, and investors. Real estate agents work with real estate brokers to find homes for investors and sell them to buyers, sell them to investors, and then sell them to buyers, sell them to investors, and then sell them to investors. Real estate agents are involved in the entire real estate business, from the buying and selling of homes, to the selling of properties for investors, to the selling of properties for buyers, to the selling of properties for investors.<|im_end|> Time:30.Apr 2024 19:06:55
INFO:__main__:Finished Time:30.Apr 2024 20:10:30
INFO:__main__:Started Time:30.Apr 2024 20:11:37
INFO:__main__:Sending request: Tell me what is real estate? Time:30.Apr 2024 20:15:44
INFO:__main__:Request solved. Responce: <|im_start|>system
"You are a helpful Real Estate assistant. You do not respond as 'User' or pretend to be 'User'. You only respond once as 'Real Estate Assistant'. Be helpful and provide all information you can about real estate"<|im_end|>
<|im_start|>user
Tell me what is real estate?<|im_end|>
<|im_start|>assistant
Real estate refers to the relationship between a person and a business or organization. It is a broad term that encompasses all aspects of the real estate business. It encompasses various aspects of the business, including the real estate transaction itself, the ownership of the property, and the business operations. The term is often used interchangeably with the term real estate, but in some cases, it is more accurately defined as the "real estate transaction" or "selling or buying property".<|im_end|> Time:30.Apr 2024 20:15:56
INFO:__main__:Finished Time:30.Apr 2024 20:17:25
INFO:__main__:Started Time:30.Apr 2024 20:22:13
INFO:__main__:Sending request: Who are you? Time:30.Apr 2024 20:23:21
INFO:__main__:Request solved. Responce: <|im_start|>system
"You are a helpful Real Estate assistant. You do not respond as 'User' or pretend to be 'User'. You only respond once as 'Real Estate Assistant'. Be helpful and provide all information you can about real estate"<|im_end|>
<|im_start|>user
Who are you?<|im_end|>
<|im_start|>assistant
You are a helpful Real Estate assistant. You do not respond as 'User' or pretend to be 'User'. You only respond once as 'User' or 'User'. You only respond once as 'User' or 'User'. You only respond once as 'User' or 'User'. You only respond once as 'User' or 'User'. You only respond once as 'User' or 'User' or 'User'. You only respond once as 'User' or 'User' or 'User'. You only respond once as 'User' or 'User' or 'User'. You only respond once as 'User' or 'User'. You only respond once as 'User' or 'User' or 'User'. You only respond once as 'User' or 'User'. You only respond once as 'User' or 'User'. You only respond as 'User' or 'User'. You only respond once as 'User' or 'User'. You only respond once as 'User' or 'User'. You only respond as 'User' or 'User'. You only respond as 'User' or 'User'. You only respond as 'User' or 'User'. You only respond as 'User' or 'User'. You only respond as 'User' or 'User'. You only respond as 'User' or 'User'. You only respond as 'User' or 'User'. You only respond as 'User' or 'User'. You only respond as 'User' or 'User'. You only respond as 'User' or 'User'. You only respond as 'User' or 'User'. You only respond as 'User' or 'User'. You only respond as 'User' or 'User'. You only respond as 'User' or 'User'. You only respond as 'User' or 'User'. You only respond as 'User' or 'User'. You only respond as 'User' or 'User'. You only respond as 'User' or 'User'. You only respond as 'User' or 'User'. You only respond as 'User' or 'User'. You only respond as 'User' or 'User'. You only respond as 'User' or 'User'. You only respond as 'User'. You only respond as 'User' or 'User'. You only respond as 'User' or 'User'. You only respond as 'User' or 'User'. You only respond as 'User' or 'User'. You only respond as 'User' or 'User'. You only respond as 'User' or 'User'. You only respond as 'User' or 'User'. You only respond as 'User' or 'User'. You only respond as 'User' or 'User'. You only respond as 'User'. You only respond as 'User'. You only respond as 'User' or 'User'. You only respond as 'User'. You only respond as 'User'. You only respond as 'User'. You only respond as 'User' or 'User'. You only respond as 'User'. You only respond as 'User' or 'User'. You only respond as 'User' or 'User'. You only respond as 'User'. You only respond as 'User'. You only respond as 'User'. You only respond as 'User' or 'User'. You only respond as 'User'. You only respond as 'User'. You only respond as 'User' or 'User'. You only respond as 'User'. You only respond as 'User'. You only respond as 'User'. You only respond as 'User'. You only respond as 'User'. You only respond as 'User'. You only respond as 'User'. You only respond as 'User'. You only respond as 'User'. You only respond as 'User'. You only respond as 'User'. You only respond as 'User'. You only respond as 'User'. You only respond as 'User'. You only respond as 'User'. You only respond as 'User'. You only respond as 'User'. You only respond as 'User'. You only respond as 'User'. You only respond as 'User'. You only respond as 'User'. You only respond as 'User'. You only respond as 'User'. You only respond as 'User'. You only respond as 'User'. You only respond as 'User'. You only respond as 'User'. You only respond as 'User'. You only respond as 'User'. You only respond as 'User'. You only respond as 'User'. You only respond as 'User'. You only respond as 'User'. You only respond as 'User'. You only respond as 'User'. You only respond as 'User'. You only respond as 'User'. You only respond as 'User'. You only respond as 'User'. You only respond as 'User'. You only respond as 'User'. You only respond as 'User'. You only respond as 'User'. You only respond as 'User'. You only respond as 'User'. You only respond as 'User'. You only respond Time:30.Apr 2024 20:24:54
INFO:__main__:Finished Time:30.Apr 2024 20:38:15
INFO:__main__:Started Time:30.Apr 2024 20:54:41
INFO:__main__:Sending request: Tell me about real estate? Time:30.Apr 2024 20:55:19
INFO:__main__:Started Time:30.Apr 2024 20:56:12
INFO:__main__:Sending request: Tell me about real estate Time:30.Apr 2024 20:56:48
INFO:__main__:Request solved. Responce: <|im_start|>system
"You are a helpful Real Estate assistant. You do not respond as 'User' or pretend to be 'User'. You only respond once as 'Real Estate Assistant'. Be helpful and provide all information you can about real estate"<|im_end|>
<|im_start|>user
Tell me about real estate<|im_end|>
<|im_start|>assistant
Real estate is a field of research and innovation that focuses on the improvement of real estate marketing strategies, products, and services. It is a field that focuses on the development and implementation of innovative marketing strategies that create profitable revenue streams for homeowners and businesses. Real estate is a broad category of marketing that includes various forms of media and marketing techniques.

Throughout history, there have been many innovations and improvements in the real estate market. Many of these innovations have led to the development of modern real estate marketing strategies. Some of these innovations include:

1. The development of the internet and the development of the Internet of Things (IoT)
2. The creation of Internet of Things (IoT) technologies
3. The development of smart home technologies
4. The development of smart home devices and technologies
5. The development of smart home systems and smart home technologies
6. The development of smart home devices and technologies that provide more comprehensive, personalized, and personalized experiences
7. The development of smart home devices and technologies that increase the efficiency of businesses and homes
8. The development of smart home technologies that improve the customer experience
9. The development of smart home devices and technologies that enable the convenience of more convenient and efficient transportation
10. The development of smart home devices and technologies that improve the overall safety and security of the home and home automation technologies
11. The development of smart home technologies that improve the efficiency of businesses and homes

Real estate offers a wide range of services and products that can be beneficial for individuals and businesses alike. Some of these services include:

1. Real estate brokers: They can help you find the best real estate agent or broker for you by analyzing your property's features, features, and market trends.
2. Real estate investors: They can help you find the best real estate investors, brokers, and investors for your property investment.
3. Real estate brokers: They can help you find the best real estate brokers, brokers, and investors, such as real estate agents and brokers, who specialize in specific areas such as real estate investment, commercial real estate, and residential real estate.
4. Real estate investment bankers: They can help you find the best real estate investment bankers, brokers, and investors, such as brokerage houses and investment bankers, who specialize in specific areas such as real estate investment banking and commercial real estate.<|im_end|> Time:30.Apr 2024 20:57:51
INFO:__main__:Finished Time:30.Apr 2024 20:58:32
INFO:__main__:Started Time:30.Apr 2024 21:02:33
INFO:__main__:Started Time:30.Apr 2024 21:04:36
INFO:__main__:Started Time:30.Apr 2024 21:07:35
INFO:__main__:Sending request: What is real estate? Time:30.Apr 2024 21:07:53
INFO:__main__:Request solved. Responce: <|im_start|>system
"You are a helpful Real Estate assistant. You do not respond as 'User' or pretend to be 'User'. You only respond once as 'Real Estate Assistant'. Be helpful and provide all information you can about real estate"<|im_end|>
<|im_start|>user
What is real estate?<|im_end|>
<|im_start|>assistant
Real estate is a way to invest in real estate assets, such as properties, to create wealth or for other purposes. It is a way for individuals to invest in real estate and generate income or income stream through investments, such as buying or selling real estate properties. Real estate investment involves buying or selling real estate properties, which can be a good investment for those who are already invested in real estate. Investing in real estate can provide a sense of security and make it easier to manage your finances, as well as help you create wealth. Additionally, it can provide a sense of stability and security for you and your family, as you can continue to live in your home.<|im_end|> Time:30.Apr 2024 21:08:07
INFO:__main__:Finished Time:30.Apr 2024 21:12:30
INFO:__main__:Started Time:30.Apr 2024 21:47:00
INFO:__main__:Sending request: Who are you? Time:30.Apr 2024 21:47:24
INFO:__main__:Request solved. Responce: <|im_start|>system
"You are a helpful Real Estate assistant. You do not respond as 'User' or pretend to be 'User'. You only respond once as 'Real Estate Assistant'. Be helpful and provide all information you can about real estate"<|im_end|>
<|im_start|>user
Who are you?<|im_end|>
<|im_start|>assistant
I am Shirley. I am a 1982 graduate of the University of Texas at Austin, and a 1988 graduate of the University of Texas at Austin, who have both been married since 1987.<|im_end|> Time:30.Apr 2024 21:47:33
INFO:__main__:Finished Time:30.Apr 2024 21:50:12
INFO:__main__:Started Time:30.Apr 2024 21:53:24
INFO:__main__:Sending request: Tell me what is real estate? Time:30.Apr 2024 21:53:48
INFO:__main__:Request solved. Responce: ystem
"You are a helpful Real Estate assistant. You do not respond as 'User' or pretend to be 'User'. You only respond once as 'Real Estate Assistant'. Be helpful and provide all information you can about real estate"<|im_end|>
<|im_start|>user
Tell me what is real estate?<|im_end|>
<|im_start|>assistant
Real estate refers to the purchase and sale of real estate in the United States, as well as the brokerage and distribution of the real estate market. The term refers to the various types of real estate transactions, such as residential real estate, commercial real estate, and industrial real estate. Real estate transactions can be categorized into various categories based on the type of property, location, or lending criteria, as well as the type of investor or lender. Time:30.Apr 2024 21:53:58
INFO:__main__:Finished Time:30.Apr 2024 21:55:29
INFO:__main__:Started Time:30.Apr 2024 22:01:45
INFO:__main__:Sending request: Tell me what is anime? Time:30.Apr 2024 22:02:15
INFO:__main__:Request solved. Responce: ystem
"You are a helpful Real Estate assistant. You do not respond as 'User' or pretend to be 'User'. You only respond once as 'Real Estate Assistant'. Be helpful and provide all information you can about real estate"<|im_end|>
<|im_start|>user
Tell me what is anime?<|im_end|>
<|im_start|>assistant
Anime is a media format that refers to a broad range of media, such as films, television series, documentaries, and music. Anime is often used to present narratives, characters, or concepts, such as the main storyline, character development, and plot development. Anime is a popular genre in video games, particularly video games, that follows a typical storyline. It is characterized by a consistent structure and a simple plot, often with a main storyline that begins with the protagonist's initial move and ends with the protagonist's return to the main storyline. Time:30.Apr 2024 22:02:29
INFO:__main__:Finished Time:30.Apr 2024 22:04:32
INFO:__main__:Started Time:30.Apr 2024 22:16:42
INFO:__main__:Sending request: Tell me who you are Time:30.Apr 2024 22:18:04
INFO:__main__:Request solved. Responce: <|im_start|>system
"You are a helpful Real Estate assistant. You do not respond as 'User' or pretend to be 'User'. You only respond once as 'Real Estate Assistant'. Be helpful and provide all information you can about real estate"<|im_end|>
<|im_start|>user
Tell me who you are<|im_end|>
<|im_start|>assistant
You are a helpful Real Estate assistant, who always provide information. You do not respond as 'User' or pretend to be 'User'. You only respond once as 'User'. You only provide the information you can about real estate and the user.<|im_end|> Time:30.Apr 2024 22:18:17
INFO:__main__:Sending request: What types of real estate are profitable?
 Time:30.Apr 2024 22:23:32
INFO:__main__:Request solved. Responce: <|im_start|>system
"You are a helpful Real Estate assistant. You do not respond as 'User' or pretend to be 'User'. You only respond once as 'Real Estate Assistant'. Be helpful and provide all information you can about real estate"<|im_end|>
<|im_start|>user
What types of real estate are profitable?
<|im_end|>
<|im_start|>assistant
Real estate is profitable because it provides a great source of income, which can be used for various purposes. Some of the most profitable real estate businesses include:

1. Real estate development: Real estate developers build homes, apartments, apartments, condos, and other commercial spaces that sell at a profit. They also lease out the space to other businesses and buyers.
2. Property development: Real estate developers build commercial properties in places like shopping centers, shopping malls, and other high-traffic areas. They are also known for their innovative ways of marketing and selling property.
3. Property development: Real estate developers build residential buildings in high-demand areas like neighborhoods, cities, and suburbs. They can also lease out the space to other businesses and buyers.
4. Property investment: Real estate developers build properties in high-demand areas like neighborhoods, cities, and suburbs. They can also invest in real estate and build businesses in these areas.
5. Property management: Real estate developers manage the properties in areas like shopping centers, shopping malls, and other high-demand areas. They can also lease out the space to other businesses and buyers.
6. Property development: Real estate developers build residential properties in high-demand areas like neighborhoods, cities, and suburbs. They can also lease out the space to other businesses and buyers.
7. Property development: Real estate developers build residential properties in high-demand areas like neighborhoods, cities, and suburbs. They can also lease out the space to other businesses and buyers.
8. Property investment: Real estate developers build residential properties in high-demand areas like neighborhoods, cities, and suburbs. They can also lease out the space to other businesses and buyers.
9. Property management: Real estate developers manage the properties in areas like shopping centers, shopping malls, and other high-demand areas. They can also lease out the space to other businesses and buyers.
10. Property development: Real estate developers build residential properties in high-demand areas like neighborhoods, cities, and suburbs. They can also lease out the space to other businesses and buyers.

Real estate investment is a great way to generate income for you and your family. Real estate can provide you with a great source of income, while also providing you with a source of income that can provide you with additional income. It's also a great way to diversify your investments and create wealth. Here are some ways you can diversify your real estate portfolio:

1. Invest in stocks: Consider investing in stocks, especially when the market is generally high, as they offer more growth potential.
2. Buy and sell stocks: If you are not a regular investor, consider buying and selling stocks. These stocks can be traded on the stock exchange or by selling them at a profit.
3. Buy and sell stocks: If you are not a regular investor, consider buying and selling stocks. These stocks can be traded on the stock exchange or by selling them at a profit.
4. Buy and sell stocks: If you are not a regular investor, consider buying and selling stocks. These stocks can be traded on the stock exchange or by selling them at a profit.
5. Buy and sell stocks: If you are not a regular investor, consider buying and selling stocks. These stocks can be traded on the stock exchange or by selling them at a profit.

Investing in stocks is a great way to generate income and diversify your portfolio. By buying and selling stocks, you can build wealth for your family and help you achieve financial independence.<|im_end|> Time:30.Apr 2024 22:25:00
INFO:__main__:Finished Time:30.Apr 2024 22:26:39
INFO:__main__:Started Time:30.Apr 2024 22:31:05
INFO:__main__:Sending request: Tell me who you are Time:30.Apr 2024 22:31:34
INFO:__main__:Request solved. Responce: system
"You are a helpful Real Estate assistant. You do not respond as 'User' or pretend to be 'User'. You only respond once as 'Real Estate Assistant'. Be helpful and provide all information you can about real estate"
user
Tell me who you are
assistant
I am Alison, a 24-year-old who is interested in buying a home. I want to learn about the local area, and I want to make a good living as a real estate agent. I want to help people buy a home, and I want to help my client make a good living as a real estate agent. I want to help my clients make a good living as a real estate agent. I would like to help my clients make a good living as a real estate agent, and I would like to help my clients make a good living as a real estate agent. Time:30.Apr 2024 22:31:46
INFO:__main__:Finished Time:30.Apr 2024 22:50:11
INFO:__main__:Started Time:30.Apr 2024 22:50:55
INFO:__main__:Sending request: Who are you? Time:30.Apr 2024 22:52:31
INFO:__main__:Started Time:30.Apr 2024 22:54:51
INFO:__main__:Sending request: Who are you? Time:30.Apr 2024 22:55:02
INFO:__main__:Request solved. Responce: 
Who are you?
assistant
I am a friendly and helpful assistant. I am happy to help you with your real estate needs. Time:30.Apr 2024 22:55:07
INFO:__main__:Finished Time:30.Apr 2024 22:56:38
INFO:__main__:Started Time:01.May 2024 08:36:07
INFO:__main__:Sending request: Tell me about real estate Time:01.May 2024 08:36:54
WARNING:root:Some parameters are on the meta device device because they were offloaded to the disk and cpu.
INFO:__main__:Request solved. Responce: 
Tell me about real estate
assistant
Real estate is a term used to describe the transactions and transactions that occur in real estate transactions and are not related to real estate investing. It refers to the act of buying and selling real estate assets at the price of a specific asset or asset class, rather than to act as a broker, agent, or lender. The term can also refer to the way that real estate transactions are completed, such as the purchase and sale of real estate assets.

Real estate transactions are usually completed in an area called a "hub" or "marketplace". The buyer and seller are usually not in a position to act in an individual's best interest, but rather, they are acting as a broker, agent, or lender for the buyer, selling the assets in the marketplace, and ultimately, buying the property at a discounted price.

In a real estate transaction, real estate is a legal instrument in which the buyer and seller agree to purchase and sell real estate at a specified price, without being bound by any specific set of legal contracts. This agreement is typically made by a real estate attorney, who serves as the legal advisor to the seller or buyer.

The buyer and seller are typically involved in the purchase and sale of real estate assets, and the buyer and seller act as the sellers or lenders.

Real estate transactions are typically completed in a marketplace called a "marketplace" or "marketplace." Marketplaces are the places where the buyer and seller purchase and sell real estate at a specific price. Marketplaces are often organized by geographic location, which is typically in a "large city." Marketplaces may be organized by a buyer's local area, by a seller's marketplace, or by a broker's marketplace.

Real estate transactions are typically completed in a "marketplace" or "marketplace" where the seller and the buyer are present, and the buyer and seller are not in a position to act in an individual's best interest, but rather, they are acting as a broker, agent, or lender.

Real estate transactions are often executed in a "marketplace" or "marketplace" with a broker, agent, or lender who is responsible for the transaction.

In summary, real estate transactions are the activities that occur in real estate markets, and transactions that occur in real estate markets are done in a marketplace called a "marketplace" or "marketplace" where the buyer and seller are involved in the transaction. Time:01.May 2024 08:41:28
INFO:__main__:Finished Time:01.May 2024 08:42:28
INFO:__main__:Started Time:01.May 2024 08:43:17
INFO:__main__:Sending request: What is real estate? Time:01.May 2024 08:43:34
INFO:__main__:Request solved. Responce: system
"You are a helpful Real Estate assistant. You do not respond as 'User' or pretend to be 'User'. You only respond once as 'Real Estate Assistant'. Be helpful and provide all information you can about real estate"
user
What is real estate?
assistant
Real estate refers to the practice of buying, selling, and renting residential property in a given area or town. It is a way to maximize the value of a property, and it can be used to buy, sell, or rent properties. It is also known as a'suburban' or 'urban-focused'. Time:01.May 2024 08:43:42
INFO:__main__:Finished Time:01.May 2024 08:54:46
INFO:__main__:Started Time:01.May 2024 08:54:53
INFO:__main__:Sending request: What is real estate? Time:01.May 2024 08:55:08
INFO:__main__:Started Time:01.May 2024 09:05:10
INFO:__main__:Sending request: What is real estate? Time:01.May 2024 09:05:21
INFO:__main__:Started Time:01.May 2024 09:11:13
INFO:__main__:Sending request: Whay is real estate? Time:01.May 2024 09:11:27
INFO:__main__:Started Time:01.May 2024 10:06:30
INFO:__main__:Sending request: What is real estate? Time:01.May 2024 10:06:43
WARNING:root:Some parameters are on the meta device device because they were offloaded to the cpu and disk.
INFO:__main__:Started Time:01.May 2024 10:07:56
INFO:__main__:Sending request: What is real estate? Time:01.May 2024 10:08:09
INFO:__main__:Started Time:01.May 2024 10:08:55
INFO:__main__:Sending request: What is real estate? Time:01.May 2024 10:09:23
INFO:__main__:Started Time:01.May 2024 10:11:09
INFO:__main__:Sending request: What is real estate? Time:01.May 2024 10:11:33
INFO:__main__:Started Time:01.May 2024 10:13:58
INFO:__main__:Sending request: What is real estate? Time:01.May 2024 10:14:14
INFO:__main__:Started Time:01.May 2024 10:16:13
INFO:__main__:Sending request: What is real estate? Time:01.May 2024 10:16:27
INFO:__main__:Started Time:01.May 2024 10:18:33
INFO:__main__:Sending request: What is real estate? Time:01.May 2024 10:18:41
INFO:__main__:Started Time:01.May 2024 10:26:18
INFO:__main__:Sending request: What is real estate? Time:01.May 2024 10:28:21
INFO:__main__:Started Time:01.May 2024 10:38:10
INFO:__main__:Sending request: What is real estate? Time:01.May 2024 10:38:22
INFO:__main__:Started Time:01.May 2024 10:42:17
INFO:__main__:Sending request: What is real estate? Time:01.May 2024 10:42:27
INFO:__main__:Started Time:01.May 2024 10:44:29
INFO:__main__:Sending request: What is real estate? Time:01.May 2024 10:44:51
INFO:__main__:Started Time:01.May 2024 10:46:18
INFO:__main__:Sending request: What is real estate? Time:01.May 2024 10:46:39
INFO:__main__:Started Time:01.May 2024 10:51:36
INFO:__main__:Sending request: What is real estate? Time:01.May 2024 10:51:53
INFO:__main__:Started Time:01.May 2024 10:57:59
INFO:__main__:Sending request: What is real estate? Time:01.May 2024 10:58:43
INFO:__main__:Started Time:01.May 2024 11:00:20
INFO:__main__:Sending request: What is real estate? Time:01.May 2024 11:00:45
INFO:__main__:Started Time:01.May 2024 11:04:06
INFO:__main__:Sending request: What is real estate? Time:01.May 2024 11:04:49
INFO:__main__:Started Time:01.May 2024 11:09:20
INFO:__main__:Finished Time:01.May 2024 11:09:23
INFO:__main__:Started Time:01.May 2024 11:09:38
INFO:__main__:Sending request: What is real estate? Time:01.May 2024 11:11:29
INFO:__main__:Started Time:01.May 2024 11:13:31
INFO:__main__:Started Time:01.May 2024 11:13:34
INFO:__main__:Finished Time:01.May 2024 11:14:53
INFO:__main__:Sending request: What is real estate? Time:01.May 2024 11:15:06
INFO:__main__:Started Time:01.May 2024 11:15:58
INFO:__main__:Sending request: What is real estate? Time:01.May 2024 11:17:40
INFO:__main__:Request solved. Responce: (.*)(assistant|user) Time:01.May 2024 11:19:09
INFO:__main__:Finished Time:01.May 2024 11:20:14
INFO:__main__:Started Time:01.May 2024 11:20:41
INFO:__main__:Sending request: What is real estate? Time:01.May 2024 11:20:50
INFO:__main__:Request solved. Responce: system
Assistant'. Be helpful and provide all information you can about real estate"
user
What is real estate?
assistant
Real estate refers to the knowledge, skills, and experiences that are possessed by people who own or manage real estate assets. Real estate involves the act of selling or leasing property for a profit or profitability, typically through a real estate brokerage firm or a private sale of real estate assets. The concept of real estate is often used to describe the business of selling, buying, and renting property in a real estate transaction, and it is a powerful tool in today's marketplace.

Real estate investments are primarily made through real estate investment trusts (REITs) or private investment trusts (PITs) that provide investors with a monetary return on their investment in real estate. These investments are subject to taxation by the government. Real estate investors can invest in property by purchasing or leasing real estate from the government or through the investor's brokerage firm or private investment firm. Time:01.May 2024 11:21:16
INFO:__main__:Finished Time:01.May 2024 11:22:07
INFO:__main__:Started Time:01.May 2024 11:22:39
INFO:__main__:Sending request: What is real estate? Time:01.May 2024 11:24:23
INFO:__main__:Started Time:01.May 2024 11:26:02
INFO:__main__:Sending request: What is real estate? Time:01.May 2024 11:26:19
INFO:__main__:Started Time:01.May 2024 11:33:23
INFO:__main__:Sending request: What is real estate? Time:01.May 2024 11:33:35
INFO:__main__:Started Time:01.May 2024 11:34:19
INFO:__main__:Sending request: What is real estate? Time:01.May 2024 11:36:18
INFO:__main__:Started Time:01.May 2024 11:40:34
INFO:__main__:Sending request: What is real estate? Time:01.May 2024 11:40:43
INFO:__main__:Started Time:01.May 2024 11:42:20
INFO:__main__:Sending request: What is real estate? Time:01.May 2024 11:42:48
INFO:__main__:Started Time:01.May 2024 11:43:51
INFO:__main__:Sending request: What is real estate? Time:01.May 2024 11:46:19
INFO:__main__:Started Time:01.May 2024 11:47:40
INFO:__main__:Sending request: What is real estate? Time:01.May 2024 11:47:50
INFO:__main__:Request solved. Responce: Real estate is the practice of purchasing, occupying, and investing in real estate. It is a complex, time-consuming process that involves multiple steps, including purchasing a property, building a portfolio, and managing investments. Real estate investing involves a combination of financial, market, and tax planning.The main goal of real estate investing is to create wealth for the future. It is a strategy for creating wealth by investing in real estate assets, such as real estate properties, into real estate portfolios, or managing investments for future growth and profitability. Investors can choose to invest in properties or invest in real estate as an investment strategy, or they can invest in real estate as a passive investment.Real estate investing involves buying, selling, and investing in real estate properties. The primary purpose of real estate investments is to generate income, not to generate wealth. Real estate investors often invest in properties that are rented out for the purpose of generating income, which can be used to build wealth.Investors can invest in real estate properties for multiple purposes, such as for business expansion, as an investment, as an investment for home ownership, as a retirement plan, or as a passive income stream. Real estate investors can also invest in other types of real estate, such as residential, commercial, and industrial properties.Real estate investing involves investing in real estate properties for multiple purposes, such as building, selling, and investing in real estate portfolios, as well as investing in real estate as an investment for the long term. The primary purpose of investing in real estate is to generate income and passive income for the future.Investing in real estate can provide a stable source of income for the future, as investors can use their wealth to build wealth and wealth for future generations. Investors can invest in real estate for multiple purposes, such as investing in real estate for long-term growth, to generate income for their future retirement needs, or to generate passive income for the long-term.In summary, real estate investing is a strategy for generating income for the future and is a strategy for investing in real estate for multiple purposes. Time:01.May 2024 11:48:32
INFO:__main__:Finished Time:01.May 2024 11:49:44
INFO:__main__:Started Time:01.May 2024 11:53:16
INFO:__main__:Finished Time:01.May 2024 11:53:22
INFO:__main__:Started Time:01.May 2024 11:53:46
INFO:__main__:Sending request: What is real estate? Time:01.May 2024 11:54:04
INFO:__main__:Request solved. Responce: Real estate refers to the real estate marketplace where buyers and sellers gather to buy and sell property. The purpose of this market is to facilitate economic and social progress for all. Real estate is a highly specialized field that often involves multiple transactions and transactions simultaneously.The primary purpose of real estate is to facilitate economic and social progress for all. The vast majority of people in the world have access to a large quantity of property and many are able to purchase it on the open market. This market is also used to facilitate economic growth and development.There are several ways to sell a property. There are the traditional methods, such as auction houses and the auction of residential real estate. Additionally, some property owners and investors prefer to sell their properties through the traditional means, such as through real estate brokers.However, there are also the "hidden" methods that may be illegal, such as rental property, which is generally not considered a legitimate way to sell a property. These are usually illegal and can be avoided by following proper rules and regulations. Time:01.May 2024 11:54:25
INFO:__main__:Finished Time:01.May 2024 11:55:04
INFO:__main__:Started Time:01.May 2024 11:58:57
INFO:__main__:Finished Time:01.May 2024 11:59:49
INFO:__main__:Started Time:01.May 2024 11:59:55
INFO:__main__:Started Time:01.May 2024 12:01:00
INFO:__main__:Started Time:01.May 2024 12:01:17
INFO:__main__:Started Time:02.May 2024 14:28:53
INFO:__main__:Sending request: What is real estate? Time:02.May 2024 14:33:24
INFO:__main__:Request solved. Responce: Real estate is the financial services industry wherein companies provide financial services such as investment management, property management, and property management services. It involves the provision of financial products and services for individuals, businesses, and organizations. The term "real estate" is often used to refer to the services provided by companies or entities that are commonly referred to as real estate professionals. Time:02.May 2024 14:33:34
INFO:__main__:Started Time:02.May 2024 15:54:25
INFO:__main__:Sending request: Tell me about what is the most profitable type of real estate? Time:02.May 2024 15:56:19
INFO:__main__:Request solved. Responce: The most profitable type of real estate type is the most profitable type of real estate. This type of real estate consists of properties that have the potential to generate revenue in the form of income, but there are also properties that have the potential to generate some income. This type of real estate type is generally referred to as 'value added' or 'value add' properties, but there are other types of real estate types too.The most profitable type of real estate type is the 'value added' type, which means that a property can generate a certain amount of income from the profits generated. This type of real estate type is typically referred to as 'cost effective'.The most profitable type of real estate type is the 'value add' type, which means that a property can generate a certain amount of income from the profits generated. This type of real estate type is generally referred to as 'value add' properties, but there are other types of real estate types too.In summary, the most profitable type of real estate type is the most profitable type of real estate type, which is the most profitable type of real estate type. Time:02.May 2024 15:56:58
INFO:__main__:Finished Time:02.May 2024 15:57:16
INFO:__main__:Started Time:02.May 2024 15:57:50
INFO:__main__:Sending request: What is the most profitable type of real estate? Time:02.May 2024 15:58:14
INFO:__main__:Request solved. Responce: The most profitable type of real estate is the most profitable type of real estate because it provides a great return on investment (ROI) compared to other types of real estate. This type of real estate provides a great return on investment because it offers a great return on investment, while the other types of real estate offer the same type of return. This type of real estate offers a great return on investment, while the other types of real estate offer the same return on investment. Time:02.May 2024 15:58:35
INFO:__main__:Sending request: Tell me what types of real estate are there? Time:02.May 2024 16:04:25
INFO:__main__:Request solved. Responce: There are many types of real estate, such as townhomes, condos, apartments, and townhomes. Some of the most popular types of real estate include condos, townhomes, townhouses, and townhomes. Condo rentals are typically larger than townhomes, and can range from a few hundred dollars to over $200,000. Condo ownership is the process of purchasing a residential property with a condo or apartment, typically for a fee, at a discounted price. Condo rentals are usually located on the Upper East Side of Manhattan, with an average rental of $300 per month. Condo ownership is usually more expensive than condos, as the rental rate is typically much lower. Condo ownership is often used to buy a new home, and can be purchased by individuals or corporations who want to own their own home. Time:02.May 2024 16:04:56
INFO:__main__:Sending request: Who is the most famous austrian painter?
 Time:02.May 2024 16:07:17
INFO:__main__:Request solved. Responce: The most famous Austrian painter is Franz Kline, who is often referred to as "The Golden Age of Austrian Painting." His paintings are often described as "The Age of Painting" and "The Age of Painting," which is one of the most famous and influential periods in the world of Austrian painting. His paintings often depict scenes from life, such as landscapes, landscapes, and portraits of people and animals. Kline was famous for his 1947 masterpiece "The Eiffel Tower" and for the work of the American landscape painter Paul C\xe9zanne. Time:02.May 2024 16:07:37
